  main.cpp
C:\Users\s22380137\source\repos\TList\TList\TList\THeadList.h(12,3): error C3861: pStop: идентификатор не найден
C:\Users\s22380137\source\repos\TList\TList\TList\THeadList.h(90): message : выполняется компиляция ссылки на экземпляр класс шаблон функции "THeadList<T>"
C:\Users\s22380137\source\repos\TList\TList\TList\THeadList.h(12,11): error C3861: pFirst: идентификатор не найден
C:\Users\s22380137\source\repos\TList\TList\TList\THeadList.h(12,20): error C3861: pPr: идентификатор не найден
C:\Users\s22380137\source\repos\TList\TList\TList\THeadList.h(12,26): error C3861: pCurr: идентификатор не найден
C:\Users\s22380137\source\repos\TList\TList\TList\THeadList.h(12,34): error C3861: pLast: идентификатор не найден
C:\Users\s22380137\source\repos\TList\TList\TList\THeadList.h(13,3): error C3861: pos: идентификатор не найден
C:\Users\s22380137\source\repos\TList\TList\TList\THeadList.h(14,3): error C3861: len: идентификатор не найден
C:\Users\s22380137\source\repos\TList\TList\TList\THeadList.h(25,8): error C2065: pFirst: необъявленный идентификатор
C:\Users\s22380137\source\repos\TList\TList\TList\THeadList.h(25,8): error C3861: pFirst: идентификатор не найден
C:\Users\s22380137\source\repos\TList\TList\TList\THeadList.h(25,18): error C3861: pStop: идентификатор не найден
C:\Users\s22380137\source\repos\TList\TList\TList\THeadList.h(27,5): error C3861: pFirst: идентификатор не найден
C:\Users\s22380137\source\repos\TList\TList\TList\THeadList.h(28,5): error C3861: pLast: идентификатор не найден
C:\Users\s22380137\source\repos\TList\TList\TList\THeadList.h(32,5): error C3861: pLast: идентификатор не найден
C:\Users\s22380137\source\repos\TList\TList\TList\THeadList.h(33,5): error C3861: pLast: идентификатор не найден
C:\Users\s22380137\source\repos\TList\TList\TList\THeadList.h(39,18): error C3861: pFirst: идентификатор не найден
C:\Users\s22380137\source\repos\TList\TList\TList\THeadList.h(40,3): error C3861: len: идентификатор не найден
C:\Users\s22380137\source\repos\TList\TList\TList\THeadList.h(58,9): error C2065: pFirst: необъявленный идентификатор
C:\Users\s22380137\source\repos\TList\TList\TList\THeadList.h(58,9): error C3861: pFirst: идентификатор не найден
C:\Users\s22380137\source\repos\TList\TList\TList\THeadList.h(60,6): error C3861: pFirst: идентификатор не найден
C:\Users\s22380137\source\repos\TList\TList\TList\THeadList.h(61,6): error C3861: pLast: идентификатор не найден
C:\Users\s22380137\source\repos\TList\TList\TList\THeadList.h(65,6): error C3861: pLast: идентификатор не найден
C:\Users\s22380137\source\repos\TList\TList\TList\THeadList.h(66,6): error C3861: pLast: идентификатор не найден
C:\Users\s22380137\source\repos\TList\TList\TList\THeadList.h(70,4): error C3861: len: идентификатор не найден
C:\Users\s22380137\source\repos\TList\TList\TList\THeadList.h(71,19): error C3861: pFirst: идентификатор не найден
C:\Users\s22380137\source\repos\TList\TList\TList\THeadList.h(78,18): error C3861: pFirst: идентификатор не найден
C:\Users\s22380137\source\repos\TList\TList\TList\THeadList.h(83,18): error C3861: pFirst: идентификатор не найден
  TList.cpp
C:\Users\s22380137\source\repos\TList\TList\TList\TList.cpp(193,2): error C2760: синтаксическая ошибка: непредвиденный токен "else"; требуется "оператор"
C:\Users\s22380137\source\repos\TList\TList\TList\TList.cpp(244,10): error C2065: pFirst: необъявленный идентификатор
C:\Users\s22380137\source\repos\TList\TList\TList\TList.cpp(244,10): error C3861: pFirst: идентификатор не найден
C:\Users\s22380137\source\repos\TList\TList\TList\TList.cpp(244,20): error C3861: pStop: идентификатор не найден
  Создание кода...
